Build output check failed:
    Regex: 'command[- ]line option .* is valid for .* but not for C'
    Output line: 'cc1: warning: command-line option ‘-Wnon-virtual-dtor’ is valid for C++/ObjC++ but not for C'
Compilation failed:
    source file: '/home/jh/code/complex_predict/dataset/Yeast/complex/opencv-4.x/build/CMakeFiles/CMakeTmp/src.c'
    check option: ' -fsigned-char -W -Wall -Wreturn-type  -Wnon-virtual-dtor'
===== BUILD LOG =====
Change Dir: /home/jh/code/complex_predict/dataset/Yeast/complex/opencv-4.x/build/CMakeFiles/CMakeTmp

Run Build Command(s):/usr/bin/gmake -f Makefile cmTC_a162e/fast && /usr/bin/gmake  -f CMakeFiles/cmTC_a162e.dir/build.make CMakeFiles/cmTC_a162e.dir/build
gmake[1]: 进入目录“/home/jh/code/complex_predict/dataset/Yeast/complex/opencv-4.x/build/CMakeFiles/CMakeTmp”
Building C object CMakeFiles/cmTC_a162e.dir/src.c.o
/usr/bin/cc   -O3 -DNDEBUG -fPIE    -fsigned-char -W -Wall -Wreturn-type  -Wnon-virtual-dtor -o CMakeFiles/cmTC_a162e.dir/src.c.o -c /home/jh/code/complex_predict/dataset/Yeast/complex/opencv-4.x/build/CMakeFiles/CMakeTmp/src.c
cc1: warning: command-line option ‘-Wnon-virtual-dtor’ is valid for C++/ObjC++ but not for C
/home/jh/code/complex_predict/dataset/Yeast/complex/opencv-4.x/build/CMakeFiles/CMakeTmp/src.c:1: warning: ignoring ‘#pragma  ’ [-Wunknown-pragmas]
    1 | #pragma
      | 
Linking C executable cmTC_a162e
/usr/bin/cmake -E cmake_link_script CMakeFiles/cmTC_a162e.dir/link.txt --verbose=1
/usr/bin/cc -O3 -DNDEBUG CMakeFiles/cmTC_a162e.dir/src.c.o -o cmTC_a162e 
gmake[1]: 离开目录“/home/jh/code/complex_predict/dataset/Yeast/complex/opencv-4.x/build/CMakeFiles/CMakeTmp”


===== END =====

Build output check failed:
    Regex: 'command[- ]line option .* is valid for .* but not for C\+\+'
    Output line: 'cc1plus: warning: command-line option ‘-Wmissing-prototypes’ is valid for C/ObjC but not for C++'
Compilation failed:
    source file: '/home/jh/code/complex_predict/dataset/Yeast/complex/opencv-4.x/build/CMakeFiles/CMakeTmp/src.cxx'
    check option: ' -fsigned-char -W -Wall -Wreturn-type -Wnon-virtual-dtor -Waddress -Wsequence-point -Wformat -Wformat-security -Wmissing-declarations  -Wmissing-prototypes'
===== BUILD LOG =====
Change Dir: /home/jh/code/complex_predict/dataset/Yeast/complex/opencv-4.x/build/CMakeFiles/CMakeTmp

Run Build Command(s):/usr/bin/gmake -f Makefile cmTC_56259/fast && /usr/bin/gmake  -f CMakeFiles/cmTC_56259.dir/build.make CMakeFiles/cmTC_56259.dir/build
gmake[1]: 进入目录“/home/jh/code/complex_predict/dataset/Yeast/complex/opencv-4.x/build/CMakeFiles/CMakeTmp”
Building CXX object CMakeFiles/cmTC_56259.dir/src.cxx.o
/usr/bin/c++   -O3 -DNDEBUG -fPIE    -fsigned-char -W -Wall -Wreturn-type -Wnon-virtual-dtor -Waddress -Wsequence-point -Wformat -Wformat-security -Wmissing-declarations  -Wmissing-prototypes -std=c++11 -o CMakeFiles/cmTC_56259.dir/src.cxx.o -c /home/jh/code/complex_predict/dataset/Yeast/complex/opencv-4.x/build/CMakeFiles/CMakeTmp/src.cxx
cc1plus: warning: command-line option ‘-Wmissing-prototypes’ is valid for C/ObjC but not for C++
/home/jh/code/complex_predict/dataset/Yeast/complex/opencv-4.x/build/CMakeFiles/CMakeTmp/src.cxx:1: warning: ignoring ‘#pragma  ’ [-Wunknown-pragmas]
    1 | #pragma
      | 
Linking CXX executable cmTC_56259
/usr/bin/cmake -E cmake_link_script CMakeFiles/cmTC_56259.dir/link.txt --verbose=1
/usr/bin/c++ -O3 -DNDEBUG CMakeFiles/cmTC_56259.dir/src.cxx.o -o cmTC_56259 
gmake[1]: 离开目录“/home/jh/code/complex_predict/dataset/Yeast/complex/opencv-4.x/build/CMakeFiles/CMakeTmp”


===== END =====

Build output check failed:
    Regex: 'command[- ]line option .* is valid for .* but not for C\+\+'
    Output line: 'cc1plus: warning: command-line option ‘-Wstrict-prototypes’ is valid for C/ObjC but not for C++'
Compilation failed:
    source file: '/home/jh/code/complex_predict/dataset/Yeast/complex/opencv-4.x/build/CMakeFiles/CMakeTmp/src.cxx'
    check option: ' -fsigned-char -W -Wall -Wreturn-type -Wnon-virtual-dtor -Waddress -Wsequence-point -Wformat -Wformat-security -Wmissing-declarations  -Wstrict-prototypes'
===== BUILD LOG =====
Change Dir: /home/jh/code/complex_predict/dataset/Yeast/complex/opencv-4.x/build/CMakeFiles/CMakeTmp

Run Build Command(s):/usr/bin/gmake -f Makefile cmTC_d04f1/fast && /usr/bin/gmake  -f CMakeFiles/cmTC_d04f1.dir/build.make CMakeFiles/cmTC_d04f1.dir/build
gmake[1]: 进入目录“/home/jh/code/complex_predict/dataset/Yeast/complex/opencv-4.x/build/CMakeFiles/CMakeTmp”
Building CXX object CMakeFiles/cmTC_d04f1.dir/src.cxx.o
/usr/bin/c++   -O3 -DNDEBUG -fPIE    -fsigned-char -W -Wall -Wreturn-type -Wnon-virtual-dtor -Waddress -Wsequence-point -Wformat -Wformat-security -Wmissing-declarations  -Wstrict-prototypes -std=c++11 -o CMakeFiles/cmTC_d04f1.dir/src.cxx.o -c /home/jh/code/complex_predict/dataset/Yeast/complex/opencv-4.x/build/CMakeFiles/CMakeTmp/src.cxx
cc1plus: warning: command-line option ‘-Wstrict-prototypes’ is valid for C/ObjC but not for C++
/home/jh/code/complex_predict/dataset/Yeast/complex/opencv-4.x/build/CMakeFiles/CMakeTmp/src.cxx:1: warning: ignoring ‘#pragma  ’ [-Wunknown-pragmas]
    1 | #pragma
      | 
Linking CXX executable cmTC_d04f1
/usr/bin/cmake -E cmake_link_script CMakeFiles/cmTC_d04f1.dir/link.txt --verbose=1
/usr/bin/c++ -O3 -DNDEBUG CMakeFiles/cmTC_d04f1.dir/src.cxx.o -o cmTC_d04f1 
gmake[1]: 离开目录“/home/jh/code/complex_predict/dataset/Yeast/complex/opencv-4.x/build/CMakeFiles/CMakeTmp”


===== END =====

Build output check failed:
    Regex: 'command[- ]line option .* is valid for .* but not for C'
    Output line: 'cc1: warning: command-line option ‘-Wsign-promo’ is valid for C++/ObjC++ but not for C'
Compilation failed:
    source file: '/home/jh/code/complex_predict/dataset/Yeast/complex/opencv-4.x/build/CMakeFiles/CMakeTmp/src.c'
    check option: ' -fsigned-char -W -Wall -Wreturn-type -Waddress -Wsequence-point -Wformat -Wformat-security -Wmissing-declarations -Wmissing-prototypes -Wstrict-prototypes -Wundef -Winit-self -Wpointer-arith -Wshadow  -Wsign-promo'
===== BUILD LOG =====
Change Dir: /home/jh/code/complex_predict/dataset/Yeast/complex/opencv-4.x/build/CMakeFiles/CMakeTmp

Run Build Command(s):/usr/bin/gmake -f Makefile cmTC_cc59d/fast && /usr/bin/gmake  -f CMakeFiles/cmTC_cc59d.dir/build.make CMakeFiles/cmTC_cc59d.dir/build
gmake[1]: 进入目录“/home/jh/code/complex_predict/dataset/Yeast/complex/opencv-4.x/build/CMakeFiles/CMakeTmp”
Building C object CMakeFiles/cmTC_cc59d.dir/src.c.o
/usr/bin/cc   -O3 -DNDEBUG -fPIE    -fsigned-char -W -Wall -Wreturn-type -Waddress -Wsequence-point -Wformat -Wformat-security -Wmissing-declarations -Wmissing-prototypes -Wstrict-prototypes -Wundef -Winit-self -Wpointer-arith -Wshadow  -Wsign-promo -o CMakeFiles/cmTC_cc59d.dir/src.c.o -c /home/jh/code/complex_predict/dataset/Yeast/complex/opencv-4.x/build/CMakeFiles/CMakeTmp/src.c
cc1: warning: command-line option ‘-Wsign-promo’ is valid for C++/ObjC++ but not for C
/home/jh/code/complex_predict/dataset/Yeast/complex/opencv-4.x/build/CMakeFiles/CMakeTmp/src.c:1: warning: ignoring ‘#pragma  ’ [-Wunknown-pragmas]
    1 | #pragma
      | 
Linking C executable cmTC_cc59d
/usr/bin/cmake -E cmake_link_script CMakeFiles/cmTC_cc59d.dir/link.txt --verbose=1
/usr/bin/cc -O3 -DNDEBUG CMakeFiles/cmTC_cc59d.dir/src.c.o -o cmTC_cc59d 
gmake[1]: 离开目录“/home/jh/code/complex_predict/dataset/Yeast/complex/opencv-4.x/build/CMakeFiles/CMakeTmp”


===== END =====

Build output check failed:
    Regex: 'command[- ]line option .* is valid for .* but not for C'
    Output line: 'cc1: warning: command-line option ‘-Wsuggest-override’ is valid for C++/ObjC++ but not for C'
Compilation failed:
    source file: '/home/jh/code/complex_predict/dataset/Yeast/complex/opencv-4.x/build/CMakeFiles/CMakeTmp/src.c'
    check option: ' -fsigned-char -W -Wall -Wreturn-type -Waddress -Wsequence-point -Wformat -Wformat-security -Wmissing-declarations -Wmissing-prototypes -Wstrict-prototypes -Wundef -Winit-self -Wpointer-arith -Wshadow -Wuninitialized  -Wsuggest-override'
===== BUILD LOG =====
Change Dir: /home/jh/code/complex_predict/dataset/Yeast/complex/opencv-4.x/build/CMakeFiles/CMakeTmp

Run Build Command(s):/usr/bin/gmake -f Makefile cmTC_68901/fast && /usr/bin/gmake  -f CMakeFiles/cmTC_68901.dir/build.make CMakeFiles/cmTC_68901.dir/build
gmake[1]: 进入目录“/home/jh/code/complex_predict/dataset/Yeast/complex/opencv-4.x/build/CMakeFiles/CMakeTmp”
Building C object CMakeFiles/cmTC_68901.dir/src.c.o
/usr/bin/cc   -O3 -DNDEBUG -fPIE    -fsigned-char -W -Wall -Wreturn-type -Waddress -Wsequence-point -Wformat -Wformat-security -Wmissing-declarations -Wmissing-prototypes -Wstrict-prototypes -Wundef -Winit-self -Wpointer-arith -Wshadow -Wuninitialized  -Wsuggest-override -o CMakeFiles/cmTC_68901.dir/src.c.o -c /home/jh/code/complex_predict/dataset/Yeast/complex/opencv-4.x/build/CMakeFiles/CMakeTmp/src.c
cc1: warning: command-line option ‘-Wsuggest-override’ is valid for C++/ObjC++ but not for C
/home/jh/code/complex_predict/dataset/Yeast/complex/opencv-4.x/build/CMakeFiles/CMakeTmp/src.c:1: warning: ignoring ‘#pragma  ’ [-Wunknown-pragmas]
    1 | #pragma
      | 
Linking C executable cmTC_68901
/usr/bin/cmake -E cmake_link_script CMakeFiles/cmTC_68901.dir/link.txt --verbose=1
/usr/bin/cc -O3 -DNDEBUG CMakeFiles/cmTC_68901.dir/src.c.o -o cmTC_68901 
gmake[1]: 离开目录“/home/jh/code/complex_predict/dataset/Yeast/complex/opencv-4.x/build/CMakeFiles/CMakeTmp”


===== END =====

Build output check failed:
    Regex: 'command[- ]line option .* is valid for .* but not for C'
    Output line: 'cc1: warning: command-line option ‘-Wno-delete-non-virtual-dtor’ is valid for C++/ObjC++ but not for C'
Compilation failed:
    source file: '/home/jh/code/complex_predict/dataset/Yeast/complex/opencv-4.x/build/CMakeFiles/CMakeTmp/src.c'
    check option: ' -fsigned-char -W -Wall -Wreturn-type -Waddress -Wsequence-point -Wformat -Wformat-security -Wmissing-declarations -Wmissing-prototypes -Wstrict-prototypes -Wundef -Winit-self -Wpointer-arith -Wshadow -Wuninitialized  -Wno-delete-non-virtual-dtor'
===== BUILD LOG =====
Change Dir: /home/jh/code/complex_predict/dataset/Yeast/complex/opencv-4.x/build/CMakeFiles/CMakeTmp

Run Build Command(s):/usr/bin/gmake -f Makefile cmTC_cc536/fast && /usr/bin/gmake  -f CMakeFiles/cmTC_cc536.dir/build.make CMakeFiles/cmTC_cc536.dir/build
gmake[1]: 进入目录“/home/jh/code/complex_predict/dataset/Yeast/complex/opencv-4.x/build/CMakeFiles/CMakeTmp”
Building C object CMakeFiles/cmTC_cc536.dir/src.c.o
/usr/bin/cc   -O3 -DNDEBUG -fPIE    -fsigned-char -W -Wall -Wreturn-type -Waddress -Wsequence-point -Wformat -Wformat-security -Wmissing-declarations -Wmissing-prototypes -Wstrict-prototypes -Wundef -Winit-self -Wpointer-arith -Wshadow -Wuninitialized  -Wno-delete-non-virtual-dtor -o CMakeFiles/cmTC_cc536.dir/src.c.o -c /home/jh/code/complex_predict/dataset/Yeast/complex/opencv-4.x/build/CMakeFiles/CMakeTmp/src.c
cc1: warning: command-line option ‘-Wno-delete-non-virtual-dtor’ is valid for C++/ObjC++ but not for C
/home/jh/code/complex_predict/dataset/Yeast/complex/opencv-4.x/build/CMakeFiles/CMakeTmp/src.c:1: warning: ignoring ‘#pragma  ’ [-Wunknown-pragmas]
    1 | #pragma
      | 
Linking C executable cmTC_cc536
/usr/bin/cmake -E cmake_link_script CMakeFiles/cmTC_cc536.dir/link.txt --verbose=1
/usr/bin/cc -O3 -DNDEBUG CMakeFiles/cmTC_cc536.dir/src.c.o -o cmTC_cc536 
gmake[1]: 离开目录“/home/jh/code/complex_predict/dataset/Yeast/complex/opencv-4.x/build/CMakeFiles/CMakeTmp”


===== END =====

Build output check failed:
    Regex: 'unrecognized .*option'
    Output line: 'cc1plus: note: unrecognized command-line option ‘-Wno-unnamed-type-template-args’ may have been intended to silence earlier diagnostics'
Compilation failed:
    source file: '/home/jh/code/complex_predict/dataset/Yeast/complex/opencv-4.x/build/CMakeFiles/CMakeTmp/src.cxx'
    check option: ' -fsigned-char -W -Wall -Wreturn-type -Wnon-virtual-dtor -Waddress -Wsequence-point -Wformat -Wformat-security -Wmissing-declarations -Wundef -Winit-self -Wpointer-arith -Wshadow -Wsign-promo -Wuninitialized -Wsuggest-override -Wno-delete-non-virtual-dtor  -Wno-unnamed-type-template-args'
===== BUILD LOG =====
Change Dir: /home/jh/code/complex_predict/dataset/Yeast/complex/opencv-4.x/build/CMakeFiles/CMakeTmp

Run Build Command(s):/usr/bin/gmake -f Makefile cmTC_b4045/fast && /usr/bin/gmake  -f CMakeFiles/cmTC_b4045.dir/build.make CMakeFiles/cmTC_b4045.dir/build
gmake[1]: 进入目录“/home/jh/code/complex_predict/dataset/Yeast/complex/opencv-4.x/build/CMakeFiles/CMakeTmp”
Building CXX object CMakeFiles/cmTC_b4045.dir/src.cxx.o
/usr/bin/c++   -O3 -DNDEBUG -fPIE    -fsigned-char -W -Wall -Wreturn-type -Wnon-virtual-dtor -Waddress -Wsequence-point -Wformat -Wformat-security -Wmissing-declarations -Wundef -Winit-self -Wpointer-arith -Wshadow -Wsign-promo -Wuninitialized -Wsuggest-override -Wno-delete-non-virtual-dtor  -Wno-unnamed-type-template-args -std=c++11 -o CMakeFiles/cmTC_b4045.dir/src.cxx.o -c /home/jh/code/complex_predict/dataset/Yeast/complex/opencv-4.x/build/CMakeFiles/CMakeTmp/src.cxx
/home/jh/code/complex_predict/dataset/Yeast/complex/opencv-4.x/build/CMakeFiles/CMakeTmp/src.cxx:1: warning: ignoring ‘#pragma  ’ [-Wunknown-pragmas]
    1 | #pragma
      | 
cc1plus: note: unrecognized command-line option ‘-Wno-unnamed-type-template-args’ may have been intended to silence earlier diagnostics
Linking CXX executable cmTC_b4045
/usr/bin/cmake -E cmake_link_script CMakeFiles/cmTC_b4045.dir/link.txt --verbose=1
/usr/bin/c++ -O3 -DNDEBUG CMakeFiles/cmTC_b4045.dir/src.cxx.o -o cmTC_b4045 
gmake[1]: 离开目录“/home/jh/code/complex_predict/dataset/Yeast/complex/opencv-4.x/build/CMakeFiles/CMakeTmp”


===== END =====

Build output check failed:
    Regex: 'unrecognized .*option'
    Output line: 'cc1: note: unrecognized command-line option ‘-Wno-unnamed-type-template-args’ may have been intended to silence earlier diagnostics'
Compilation failed:
    source file: '/home/jh/code/complex_predict/dataset/Yeast/complex/opencv-4.x/build/CMakeFiles/CMakeTmp/src.c'
    check option: ' -fsigned-char -W -Wall -Wreturn-type -Waddress -Wsequence-point -Wformat -Wformat-security -Wmissing-declarations -Wmissing-prototypes -Wstrict-prototypes -Wundef -Winit-self -Wpointer-arith -Wshadow -Wuninitialized  -Wno-unnamed-type-template-args'
===== BUILD LOG =====
Change Dir: /home/jh/code/complex_predict/dataset/Yeast/complex/opencv-4.x/build/CMakeFiles/CMakeTmp

Run Build Command(s):/usr/bin/gmake -f Makefile cmTC_a2e72/fast && /usr/bin/gmake  -f CMakeFiles/cmTC_a2e72.dir/build.make CMakeFiles/cmTC_a2e72.dir/build
gmake[1]: 进入目录“/home/jh/code/complex_predict/dataset/Yeast/complex/opencv-4.x/build/CMakeFiles/CMakeTmp”
Building C object CMakeFiles/cmTC_a2e72.dir/src.c.o
/usr/bin/cc   -O3 -DNDEBUG -fPIE    -fsigned-char -W -Wall -Wreturn-type -Waddress -Wsequence-point -Wformat -Wformat-security -Wmissing-declarations -Wmissing-prototypes -Wstrict-prototypes -Wundef -Winit-self -Wpointer-arith -Wshadow -Wuninitialized  -Wno-unnamed-type-template-args -o CMakeFiles/cmTC_a2e72.dir/src.c.o -c /home/jh/code/complex_predict/dataset/Yeast/complex/opencv-4.x/build/CMakeFiles/CMakeTmp/src.c
/home/jh/code/complex_predict/dataset/Yeast/complex/opencv-4.x/build/CMakeFiles/CMakeTmp/src.c:1: warning: ignoring ‘#pragma  ’ [-Wunknown-pragmas]
    1 | #pragma
      | 
cc1: note: unrecognized command-line option ‘-Wno-unnamed-type-template-args’ may have been intended to silence earlier diagnostics
Linking C executable cmTC_a2e72
/usr/bin/cmake -E cmake_link_script CMakeFiles/cmTC_a2e72.dir/link.txt --verbose=1
/usr/bin/cc -O3 -DNDEBUG CMakeFiles/cmTC_a2e72.dir/src.c.o -o cmTC_a2e72 
gmake[1]: 离开目录“/home/jh/code/complex_predict/dataset/Yeast/complex/opencv-4.x/build/CMakeFiles/CMakeTmp”


===== END =====

Build output check failed:
    Regex: 'command[- ]line option .* is valid for .* but not for C'
    Output line: 'cc1: warning: command-line option ‘-fvisibility-inlines-hidden’ is valid for C++/ObjC++ but not for C'
Compilation failed:
    source file: '/home/jh/code/complex_predict/dataset/Yeast/complex/opencv-4.x/build/CMakeFiles/CMakeTmp/src.c'
    check option: ' -fsigned-char -W -Wall -Wreturn-type -Waddress -Wsequence-point -Wformat -Wformat-security -Wmissing-declarations -Wmissing-prototypes -Wstrict-prototypes -Wundef -Winit-self -Wpointer-arith -Wshadow -Wuninitialized -Wno-comment -Wimplicit-fallthrough=3 -Wno-strict-overflow -fdiagnostics-show-option -Wno-long-long -pthread -fomit-frame-pointer -ffunction-sections -fdata-sections  -msse -msse2 -msse3 -fvisibility=hidden  -fvisibility-inlines-hidden'
===== BUILD LOG =====
Change Dir: /home/jh/code/complex_predict/dataset/Yeast/complex/opencv-4.x/build/CMakeFiles/CMakeTmp

Run Build Command(s):/usr/bin/gmake -f Makefile cmTC_39e72/fast && /usr/bin/gmake  -f CMakeFiles/cmTC_39e72.dir/build.make CMakeFiles/cmTC_39e72.dir/build
gmake[1]: 进入目录“/home/jh/code/complex_predict/dataset/Yeast/complex/opencv-4.x/build/CMakeFiles/CMakeTmp”
Building C object CMakeFiles/cmTC_39e72.dir/src.c.o
/usr/bin/cc   -O3 -DNDEBUG -fPIE    -fsigned-char -W -Wall -Wreturn-type -Waddress -Wsequence-point -Wformat -Wformat-security -Wmissing-declarations -Wmissing-prototypes -Wstrict-prototypes -Wundef -Winit-self -Wpointer-arith -Wshadow -Wuninitialized -Wno-comment -Wimplicit-fallthrough=3 -Wno-strict-overflow -fdiagnostics-show-option -Wno-long-long -pthread -fomit-frame-pointer -ffunction-sections -fdata-sections  -msse -msse2 -msse3 -fvisibility=hidden  -fvisibility-inlines-hidden -o CMakeFiles/cmTC_39e72.dir/src.c.o -c /home/jh/code/complex_predict/dataset/Yeast/complex/opencv-4.x/build/CMakeFiles/CMakeTmp/src.c
cc1: warning: command-line option ‘-fvisibility-inlines-hidden’ is valid for C++/ObjC++ but not for C
/home/jh/code/complex_predict/dataset/Yeast/complex/opencv-4.x/build/CMakeFiles/CMakeTmp/src.c:1: warning: ignoring ‘#pragma  ’ [-Wunknown-pragmas]
    1 | #pragma
      | 
Linking C executable cmTC_39e72
/usr/bin/cmake -E cmake_link_script CMakeFiles/cmTC_39e72.dir/link.txt --verbose=1
/usr/bin/cc -O3 -DNDEBUG CMakeFiles/cmTC_39e72.dir/src.c.o -o cmTC_39e72 
gmake[1]: 离开目录“/home/jh/code/complex_predict/dataset/Yeast/complex/opencv-4.x/build/CMakeFiles/CMakeTmp”


===== END =====

Determining if the include file io.h exists failed with the following output:
Change Dir: /home/jh/code/complex_predict/dataset/Yeast/complex/opencv-4.x/build/CMakeFiles/CMakeTmp

Run Build Command(s):/usr/bin/gmake -f Makefile cmTC_5bbe7/fast && /usr/bin/gmake  -f CMakeFiles/cmTC_5bbe7.dir/build.make CMakeFiles/cmTC_5bbe7.dir/build
gmake[1]: 进入目录“/home/jh/code/complex_predict/dataset/Yeast/complex/opencv-4.x/build/CMakeFiles/CMakeTmp”
Building C object CMakeFiles/cmTC_5bbe7.dir/CheckIncludeFile.c.o
/usr/bin/cc   -fsigned-char -W -Wall -Wreturn-type -Waddress -Wsequence-point -Wformat -Wformat-security -Wmissing-declarations -Wmissing-prototypes -Wstrict-prototypes -Wundef -Winit-self -Wpointer-arith -Wshadow -Wuninitialized -Wno-comment -Wimplicit-fallthrough=3 -Wno-strict-overflow -fdiagnostics-show-option -Wno-long-long -pthread -fomit-frame-pointer -ffunction-sections -fdata-sections  -msse -msse2 -msse3 -fvisibility=hidden  -O3 -DNDEBUG  -DNDEBUG -fPIE -o CMakeFiles/cmTC_5bbe7.dir/CheckIncludeFile.c.o -c /home/jh/code/complex_predict/dataset/Yeast/complex/opencv-4.x/build/CMakeFiles/CMakeTmp/CheckIncludeFile.c
/home/jh/code/complex_predict/dataset/Yeast/complex/opencv-4.x/build/CMakeFiles/CMakeTmp/CheckIncludeFile.c:1:10: fatal error: io.h: 没有那个文件或目录
    1 | #include <io.h>
      |          ^~~~~~
compilation terminated.
gmake[1]: *** [CMakeFiles/cmTC_5bbe7.dir/build.make:78：CMakeFiles/cmTC_5bbe7.dir/CheckIncludeFile.c.o] 错误 1
gmake[1]: 离开目录“/home/jh/code/complex_predict/dataset/Yeast/complex/opencv-4.x/build/CMakeFiles/CMakeTmp”
gmake: *** [Makefile:127：cmTC_5bbe7/fast] 错误 2



Determining size of INT8 failed with the following output:
Change Dir: /home/jh/code/complex_predict/dataset/Yeast/complex/opencv-4.x/build/CMakeFiles/CMakeTmp

Run Build Command(s):/usr/bin/gmake -f Makefile cmTC_b2e5b/fast && /usr/bin/gmake  -f CMakeFiles/cmTC_b2e5b.dir/build.make CMakeFiles/cmTC_b2e5b.dir/build
gmake[1]: 进入目录“/home/jh/code/complex_predict/dataset/Yeast/complex/opencv-4.x/build/CMakeFiles/CMakeTmp”
Building C object CMakeFiles/cmTC_b2e5b.dir/int8.c.o
/usr/bin/cc   -fsigned-char -W -Wall -Wreturn-type -Waddress -Wsequence-point -Wformat -Wformat-security -Wmissing-declarations -Wmissing-prototypes -Wstrict-prototypes -Wundef -Winit-self -Wpointer-arith -Wshadow -Wuninitialized -Wno-comment -Wimplicit-fallthrough=3 -Wno-strict-overflow -fdiagnostics-show-option -Wno-long-long -pthread -fomit-frame-pointer -ffunction-sections -fdata-sections  -msse -msse2 -msse3 -fvisibility=hidden  -O3 -DNDEBUG  -DNDEBUG -fPIE -o CMakeFiles/cmTC_b2e5b.dir/int8.c.o -c /home/jh/code/complex_predict/dataset/Yeast/complex/opencv-4.x/build/CMakeFiles/CheckTypeSize/int8.c
/home/jh/code/complex_predict/dataset/Yeast/complex/opencv-4.x/build/CMakeFiles/CheckTypeSize/int8.c:27:22: error: ‘INT8’ undeclared here (not in a function); did you mean ‘INT8_C’?
   27 | #define SIZE (sizeof(INT8))
      |                      ^~~~
/home/jh/code/complex_predict/dataset/Yeast/complex/opencv-4.x/build/CMakeFiles/CheckTypeSize/int8.c:29:12: note: in expansion of macro ‘SIZE’
   29 |   ('0' + ((SIZE / 10000)%10)),
      |            ^~~~
gmake[1]: *** [CMakeFiles/cmTC_b2e5b.dir/build.make:78：CMakeFiles/cmTC_b2e5b.dir/int8.c.o] 错误 1
gmake[1]: 离开目录“/home/jh/code/complex_predict/dataset/Yeast/complex/opencv-4.x/build/CMakeFiles/CMakeTmp”
gmake: *** [Makefile:127：cmTC_b2e5b/fast] 错误 2


/home/jh/code/complex_predict/dataset/Yeast/complex/opencv-4.x/build/CMakeFiles/CheckTypeSize/int8.c:
#include <sys/types.h>
#include <stdint.h>
#include <stddef.h>


#undef KEY
#if defined(__i386)
# define KEY '_','_','i','3','8','6'
#elif defined(__x86_64)
# define KEY '_','_','x','8','6','_','6','4'
#elif defined(__PPC64__)
# define KEY '_','_','P','P','C','6','4','_','_'
#elif defined(__ppc64__)
# define KEY '_','_','p','p','c','6','4','_','_'
#elif defined(__PPC__)
# define KEY '_','_','P','P','C','_','_'
#elif defined(__ppc__)
# define KEY '_','_','p','p','c','_','_'
#elif defined(__aarch64__)
# define KEY '_','_','a','a','r','c','h','6','4','_','_'
#elif defined(__ARM_ARCH_7A__)
# define KEY '_','_','A','R','M','_','A','R','C','H','_','7','A','_','_'
#elif defined(__ARM_ARCH_7S__)
# define KEY '_','_','A','R','M','_','A','R','C','H','_','7','S','_','_'
#endif

#define SIZE (sizeof(INT8))
static char info_size[] =  {'I', 'N', 'F', 'O', ':', 's','i','z','e','[',
  ('0' + ((SIZE / 10000)%10)),
  ('0' + ((SIZE / 1000)%10)),
  ('0' + ((SIZE / 100)%10)),
  ('0' + ((SIZE / 10)%10)),
  ('0' +  (SIZE    % 10)),
  ']',
#ifdef KEY
  ' ','k','e','y','[', KEY, ']',
#endif
  '\0'};

#ifdef __CLASSIC_C__
int main(argc, argv) int argc; char *argv[];
#else
int main(int argc, char *argv[])
#endif
{
  int require = 0;
  require += info_size[argc];
  (void)argv;
  return require;
}


Determining size of INT16 failed with the following output:
Change Dir: /home/jh/code/complex_predict/dataset/Yeast/complex/opencv-4.x/build/CMakeFiles/CMakeTmp

Run Build Command(s):/usr/bin/gmake -f Makefile cmTC_d30e7/fast && /usr/bin/gmake  -f CMakeFiles/cmTC_d30e7.dir/build.make CMakeFiles/cmTC_d30e7.dir/build
gmake[1]: 进入目录“/home/jh/code/complex_predict/dataset/Yeast/complex/opencv-4.x/build/CMakeFiles/CMakeTmp”
Building C object CMakeFiles/cmTC_d30e7.dir/int16.c.o
/usr/bin/cc   -fsigned-char -W -Wall -Wreturn-type -Waddress -Wsequence-point -Wformat -Wformat-security -Wmissing-declarations -Wmissing-prototypes -Wstrict-prototypes -Wundef -Winit-self -Wpointer-arith -Wshadow -Wuninitialized -Wno-comment -Wimplicit-fallthrough=3 -Wno-strict-overflow -fdiagnostics-show-option -Wno-long-long -pthread -fomit-frame-pointer -ffunction-sections -fdata-sections  -msse -msse2 -msse3 -fvisibility=hidden  -O3 -DNDEBUG  -DNDEBUG -fPIE -o CMakeFiles/cmTC_d30e7.dir/int16.c.o -c /home/jh/code/complex_predict/dataset/Yeast/complex/opencv-4.x/build/CMakeFiles/CheckTypeSize/int16.c
/home/jh/code/complex_predict/dataset/Yeast/complex/opencv-4.x/build/CMakeFiles/CheckTypeSize/int16.c:27:22: error: ‘INT16’ undeclared here (not in a function); did you mean ‘INT16_C’?
   27 | #define SIZE (sizeof(INT16))
      |                      ^~~~~
/home/jh/code/complex_predict/dataset/Yeast/complex/opencv-4.x/build/CMakeFiles/CheckTypeSize/int16.c:29:12: note: in expansion of macro ‘SIZE’
   29 |   ('0' + ((SIZE / 10000)%10)),
      |            ^~~~
gmake[1]: *** [CMakeFiles/cmTC_d30e7.dir/build.make:78：CMakeFiles/cmTC_d30e7.dir/int16.c.o] 错误 1
gmake[1]: 离开目录“/home/jh/code/complex_predict/dataset/Yeast/complex/opencv-4.x/build/CMakeFiles/CMakeTmp”
gmake: *** [Makefile:127：cmTC_d30e7/fast] 错误 2


/home/jh/code/complex_predict/dataset/Yeast/complex/opencv-4.x/build/CMakeFiles/CheckTypeSize/int16.c:
#include <sys/types.h>
#include <stdint.h>
#include <stddef.h>


#undef KEY
#if defined(__i386)
# define KEY '_','_','i','3','8','6'
#elif defined(__x86_64)
# define KEY '_','_','x','8','6','_','6','4'
#elif defined(__PPC64__)
# define KEY '_','_','P','P','C','6','4','_','_'
#elif defined(__ppc64__)
# define KEY '_','_','p','p','c','6','4','_','_'
#elif defined(__PPC__)
# define KEY '_','_','P','P','C','_','_'
#elif defined(__ppc__)
# define KEY '_','_','p','p','c','_','_'
#elif defined(__aarch64__)
# define KEY '_','_','a','a','r','c','h','6','4','_','_'
#elif defined(__ARM_ARCH_7A__)
# define KEY '_','_','A','R','M','_','A','R','C','H','_','7','A','_','_'
#elif defined(__ARM_ARCH_7S__)
# define KEY '_','_','A','R','M','_','A','R','C','H','_','7','S','_','_'
#endif

#define SIZE (sizeof(INT16))
static char info_size[] =  {'I', 'N', 'F', 'O', ':', 's','i','z','e','[',
  ('0' + ((SIZE / 10000)%10)),
  ('0' + ((SIZE / 1000)%10)),
  ('0' + ((SIZE / 100)%10)),
  ('0' + ((SIZE / 10)%10)),
  ('0' +  (SIZE    % 10)),
  ']',
#ifdef KEY
  ' ','k','e','y','[', KEY, ']',
#endif
  '\0'};

#ifdef __CLASSIC_C__
int main(argc, argv) int argc; char *argv[];
#else
int main(int argc, char *argv[])
#endif
{
  int require = 0;
  require += info_size[argc];
  (void)argv;
  return require;
}


Determining size of INT32 failed with the following output:
Change Dir: /home/jh/code/complex_predict/dataset/Yeast/complex/opencv-4.x/build/CMakeFiles/CMakeTmp

Run Build Command(s):/usr/bin/gmake -f Makefile cmTC_30c0f/fast && /usr/bin/gmake  -f CMakeFiles/cmTC_30c0f.dir/build.make CMakeFiles/cmTC_30c0f.dir/build
gmake[1]: 进入目录“/home/jh/code/complex_predict/dataset/Yeast/complex/opencv-4.x/build/CMakeFiles/CMakeTmp”
Building C object CMakeFiles/cmTC_30c0f.dir/int32.c.o
/usr/bin/cc   -fsigned-char -W -Wall -Wreturn-type -Waddress -Wsequence-point -Wformat -Wformat-security -Wmissing-declarations -Wmissing-prototypes -Wstrict-prototypes -Wundef -Winit-self -Wpointer-arith -Wshadow -Wuninitialized -Wno-comment -Wimplicit-fallthrough=3 -Wno-strict-overflow -fdiagnostics-show-option -Wno-long-long -pthread -fomit-frame-pointer -ffunction-sections -fdata-sections  -msse -msse2 -msse3 -fvisibility=hidden  -O3 -DNDEBUG  -DNDEBUG -fPIE -o CMakeFiles/cmTC_30c0f.dir/int32.c.o -c /home/jh/code/complex_predict/dataset/Yeast/complex/opencv-4.x/build/CMakeFiles/CheckTypeSize/int32.c
/home/jh/code/complex_predict/dataset/Yeast/complex/opencv-4.x/build/CMakeFiles/CheckTypeSize/int32.c:27:22: error: ‘INT32’ undeclared here (not in a function); did you mean ‘INT32_C’?
   27 | #define SIZE (sizeof(INT32))
      |                      ^~~~~
/home/jh/code/complex_predict/dataset/Yeast/complex/opencv-4.x/build/CMakeFiles/CheckTypeSize/int32.c:29:12: note: in expansion of macro ‘SIZE’
   29 |   ('0' + ((SIZE / 10000)%10)),
      |            ^~~~
gmake[1]: *** [CMakeFiles/cmTC_30c0f.dir/build.make:78：CMakeFiles/cmTC_30c0f.dir/int32.c.o] 错误 1
gmake[1]: 离开目录“/home/jh/code/complex_predict/dataset/Yeast/complex/opencv-4.x/build/CMakeFiles/CMakeTmp”
gmake: *** [Makefile:127：cmTC_30c0f/fast] 错误 2


/home/jh/code/complex_predict/dataset/Yeast/complex/opencv-4.x/build/CMakeFiles/CheckTypeSize/int32.c:
#include <sys/types.h>
#include <stdint.h>
#include <stddef.h>


#undef KEY
#if defined(__i386)
# define KEY '_','_','i','3','8','6'
#elif defined(__x86_64)
# define KEY '_','_','x','8','6','_','6','4'
#elif defined(__PPC64__)
# define KEY '_','_','P','P','C','6','4','_','_'
#elif defined(__ppc64__)
# define KEY '_','_','p','p','c','6','4','_','_'
#elif defined(__PPC__)
# define KEY '_','_','P','P','C','_','_'
#elif defined(__ppc__)
# define KEY '_','_','p','p','c','_','_'
#elif defined(__aarch64__)
# define KEY '_','_','a','a','r','c','h','6','4','_','_'
#elif defined(__ARM_ARCH_7A__)
# define KEY '_','_','A','R','M','_','A','R','C','H','_','7','A','_','_'
#elif defined(__ARM_ARCH_7S__)
# define KEY '_','_','A','R','M','_','A','R','C','H','_','7','S','_','_'
#endif

#define SIZE (sizeof(INT32))
static char info_size[] =  {'I', 'N', 'F', 'O', ':', 's','i','z','e','[',
  ('0' + ((SIZE / 10000)%10)),
  ('0' + ((SIZE / 1000)%10)),
  ('0' + ((SIZE / 100)%10)),
  ('0' + ((SIZE / 10)%10)),
  ('0' +  (SIZE    % 10)),
  ']',
#ifdef KEY
  ' ','k','e','y','[', KEY, ']',
#endif
  '\0'};

#ifdef __CLASSIC_C__
int main(argc, argv) int argc; char *argv[];
#else
int main(int argc, char *argv[])
#endif
{
  int require = 0;
  require += info_size[argc];
  (void)argv;
  return require;
}


Determining if the function setmode exists failed with the following output:
Change Dir: /home/jh/code/complex_predict/dataset/Yeast/complex/opencv-4.x/build/CMakeFiles/CMakeTmp

Run Build Command(s):/usr/bin/gmake -f Makefile cmTC_c973d/fast && /usr/bin/gmake  -f CMakeFiles/cmTC_c973d.dir/build.make CMakeFiles/cmTC_c973d.dir/build
gmake[1]: 进入目录“/home/jh/code/complex_predict/dataset/Yeast/complex/opencv-4.x/build/CMakeFiles/CMakeTmp”
Building C object CMakeFiles/cmTC_c973d.dir/CheckFunctionExists.c.o
/usr/bin/cc   -fsigned-char -W -Wall -Wreturn-type -Waddress -Wsequence-point -Wformat -Wformat-security -Wmissing-declarations -Wmissing-prototypes -Wstrict-prototypes -Wundef -Winit-self -Wpointer-arith -Wshadow -Wuninitialized -Wno-comment -Wimplicit-fallthrough=3 -Wno-strict-overflow -fdiagnostics-show-option -Wno-long-long -pthread -fomit-frame-pointer -ffunction-sections -fdata-sections  -msse -msse2 -msse3 -fvisibility=hidden -DCHECK_FUNCTION_EXISTS=setmode -O3 -DNDEBUG  -DNDEBUG -fPIE -o CMakeFiles/cmTC_c973d.dir/CheckFunctionExists.c.o -c /usr/share/cmake-3.22/Modules/CheckFunctionExists.c
Linking C executable cmTC_c973d
/usr/bin/cmake -E cmake_link_script CMakeFiles/cmTC_c973d.dir/link.txt --verbose=1
/usr/bin/cc    -fsigned-char -W -Wall -Wreturn-type -Waddress -Wsequence-point -Wformat -Wformat-security -Wmissing-declarations -Wmissing-prototypes -Wstrict-prototypes -Wundef -Winit-self -Wpointer-arith -Wshadow -Wuninitialized -Wno-comment -Wimplicit-fallthrough=3 -Wno-strict-overflow -fdiagnostics-show-option -Wno-long-long -pthread -fomit-frame-pointer -ffunction-sections -fdata-sections  -msse -msse2 -msse3 -fvisibility=hidden -DCHECK_FUNCTION_EXISTS=setmode -O3 -DNDEBUG  -DNDEBUG   -Wl,--gc-sections -Wl,--as-needed -Wl,--no-undefined  CMakeFiles/cmTC_c973d.dir/CheckFunctionExists.c.o -o cmTC_c973d 
/usr/bin/ld: CMakeFiles/cmTC_c973d.dir/CheckFunctionExists.c.o: in function `main':
CheckFunctionExists.c:(.text.startup.main+0x10): undefined reference to `setmode'
collect2: error: ld returned 1 exit status
gmake[1]: *** [CMakeFiles/cmTC_c973d.dir/build.make:99：cmTC_c973d] 错误 1
gmake[1]: 离开目录“/home/jh/code/complex_predict/dataset/Yeast/complex/opencv-4.x/build/CMakeFiles/CMakeTmp”
gmake: *** [Makefile:127：cmTC_c973d/fast] 错误 2



Build output check failed:
    Regex: 'command[- ]line option .* is valid for .* but not for C\+\+'
    Output line: 'cc1plus: warning: command-line option ‘-Wno-missing-prototypes’ is valid for C/ObjC but not for C++'
Compilation failed:
    source file: '/home/jh/code/complex_predict/dataset/Yeast/complex/opencv-4.x/build/CMakeFiles/CMakeTmp/src.cxx'
    check option: ' -Wno-missing-prototypes'
===== BUILD LOG =====
Change Dir: /home/jh/code/complex_predict/dataset/Yeast/complex/opencv-4.x/build/CMakeFiles/CMakeTmp

Run Build Command(s):/usr/bin/gmake -f Makefile cmTC_ff3b8/fast && /usr/bin/gmake  -f CMakeFiles/cmTC_ff3b8.dir/build.make CMakeFiles/cmTC_ff3b8.dir/build
gmake[1]: 进入目录“/home/jh/code/complex_predict/dataset/Yeast/complex/opencv-4.x/build/CMakeFiles/CMakeTmp”
Building CXX object CMakeFiles/cmTC_ff3b8.dir/src.cxx.o
/usr/bin/c++   -fsigned-char -W -Wall -Wreturn-type -Wnon-virtual-dtor -Waddress -Wsequence-point -Wformat -Wformat-security -Wundef -Winit-self -Wpointer-arith -Wshadow -Wsign-promo -Wuninitialized -Wsuggest-override -Wno-delete-non-virtual-dtor -Wno-comment -Wimplicit-fallthrough=3 -Wno-strict-overflow -fdiagnostics-show-option -Wno-long-long -pthread -fomit-frame-pointer -ffunction-sections -fdata-sections  -msse -msse2 -msse3 -fvisibility=hidden -fvisibility-inlines-hidden -Wno-missing-declarations -Wno-unused-parameter  -O3 -DNDEBUG  -DNDEBUG -fPIE    -Wno-missing-prototypes -std=c++11 -o CMakeFiles/cmTC_ff3b8.dir/src.cxx.o -c /home/jh/code/complex_predict/dataset/Yeast/complex/opencv-4.x/build/CMakeFiles/CMakeTmp/src.cxx
cc1plus: warning: command-line option ‘-Wno-missing-prototypes’ is valid for C/ObjC but not for C++
/home/jh/code/complex_predict/dataset/Yeast/complex/opencv-4.x/build/CMakeFiles/CMakeTmp/src.cxx:1: warning: ignoring ‘#pragma  ’ [-Wunknown-pragmas]
    1 | #pragma
      | 
Linking CXX executable cmTC_ff3b8
/usr/bin/cmake -E cmake_link_script CMakeFiles/cmTC_ff3b8.dir/link.txt --verbose=1
/usr/bin/c++    -fsigned-char -W -Wall -Wreturn-type -Wnon-virtual-dtor -Waddress -Wsequence-point -Wformat -Wformat-security -Wundef -Winit-self -Wpointer-arith -Wshadow -Wsign-promo -Wuninitialized -Wsuggest-override -Wno-delete-non-virtual-dtor -Wno-comment -Wimplicit-fallthrough=3 -Wno-strict-overflow -fdiagnostics-show-option -Wno-long-long -pthread -fomit-frame-pointer -ffunction-sections -fdata-sections  -msse -msse2 -msse3 -fvisibility=hidden -fvisibility-inlines-hidden -Wno-missing-declarations -Wno-unused-parameter  -O3 -DNDEBUG  -DNDEBUG   -Wl,--gc-sections -Wl,--as-needed -Wl,--no-undefined  CMakeFiles/cmTC_ff3b8.dir/src.cxx.o -o cmTC_ff3b8 
gmake[1]: 离开目录“/home/jh/code/complex_predict/dataset/Yeast/complex/opencv-4.x/build/CMakeFiles/CMakeTmp”


===== END =====

Build output check failed:
    Regex: 'unrecognized .*option'
    Output line: 'cc1plus: note: unrecognized command-line option ‘-Wno-inconsistent-missing-override’ may have been intended to silence earlier diagnostics'
Compilation failed:
    source file: '/home/jh/code/complex_predict/dataset/Yeast/complex/opencv-4.x/build/CMakeFiles/CMakeTmp/src.cxx'
    check option: ' -Wno-inconsistent-missing-override'
===== BUILD LOG =====
Change Dir: /home/jh/code/complex_predict/dataset/Yeast/complex/opencv-4.x/build/CMakeFiles/CMakeTmp

Run Build Command(s):/usr/bin/gmake -f Makefile cmTC_03378/fast && /usr/bin/gmake  -f CMakeFiles/cmTC_03378.dir/build.make CMakeFiles/cmTC_03378.dir/build
gmake[1]: 进入目录“/home/jh/code/complex_predict/dataset/Yeast/complex/opencv-4.x/build/CMakeFiles/CMakeTmp”
Building CXX object CMakeFiles/cmTC_03378.dir/src.cxx.o
/usr/bin/c++   -fsigned-char -W -Wall -Wreturn-type -Wnon-virtual-dtor -Waddress -Wsequence-point -Wformat -Wformat-security -Winit-self -Wpointer-arith -Wsign-promo -Wno-delete-non-virtual-dtor -Wno-comment -Wimplicit-fallthrough=3 -Wno-strict-overflow -fdiagnostics-show-option -Wno-long-long -pthread -fomit-frame-pointer -ffunction-sections -fdata-sections  -msse -msse2 -msse3 -fvisibility=hidden -fvisibility-inlines-hidden -Wno-shadow -Wno-unused -Wno-sign-compare -Wno-undef -Wno-missing-declarations -Wno-uninitialized -Wno-switch -Wno-parentheses -Wno-array-bounds -Wno-extra -Wno-deprecated-declarations -Wno-misleading-indentation -Wno-deprecated -Wno-suggest-override  -O3 -DNDEBUG  -DNDEBUG -fPIE    -Wno-inconsistent-missing-override -std=c++11 -o CMakeFiles/cmTC_03378.dir/src.cxx.o -c /home/jh/code/complex_predict/dataset/Yeast/complex/opencv-4.x/build/CMakeFiles/CMakeTmp/src.cxx
/home/jh/code/complex_predict/dataset/Yeast/complex/opencv-4.x/build/CMakeFiles/CMakeTmp/src.cxx:1: warning: ignoring ‘#pragma  ’ [-Wunknown-pragmas]
    1 | #pragma
      | 
cc1plus: note: unrecognized command-line option ‘-Wno-inconsistent-missing-override’ may have been intended to silence earlier diagnostics
Linking CXX executable cmTC_03378
/usr/bin/cmake -E cmake_link_script CMakeFiles/cmTC_03378.dir/link.txt --verbose=1
/usr/bin/c++    -fsigned-char -W -Wall -Wreturn-type -Wnon-virtual-dtor -Waddress -Wsequence-point -Wformat -Wformat-security -Winit-self -Wpointer-arith -Wsign-promo -Wno-delete-non-virtual-dtor -Wno-comment -Wimplicit-fallthrough=3 -Wno-strict-overflow -fdiagnostics-show-option -Wno-long-long -pthread -fomit-frame-pointer -ffunction-sections -fdata-sections  -msse -msse2 -msse3 -fvisibility=hidden -fvisibility-inlines-hidden -Wno-shadow -Wno-unused -Wno-sign-compare -Wno-undef -Wno-missing-declarations -Wno-uninitialized -Wno-switch -Wno-parentheses -Wno-array-bounds -Wno-extra -Wno-deprecated-declarations -Wno-misleading-indentation -Wno-deprecated -Wno-suggest-override  -O3 -DNDEBUG  -DNDEBUG   -Wl,--gc-sections -Wl,--as-needed -Wl,--no-undefined  CMakeFiles/cmTC_03378.dir/src.cxx.o -o cmTC_03378 
gmake[1]: 离开目录“/home/jh/code/complex_predict/dataset/Yeast/complex/opencv-4.x/build/CMakeFiles/CMakeTmp”


===== END =====

Build output check failed:
    Regex: 'unrecognized .*option'
    Output line: 'cc1plus: note: unrecognized command-line option ‘-Wno-implicit-const-int-float-conversion’ may have been intended to silence earlier diagnostics'
Compilation failed:
    source file: '/home/jh/code/complex_predict/dataset/Yeast/complex/opencv-4.x/build/CMakeFiles/CMakeTmp/src.cxx'
    check option: ' -Wno-implicit-const-int-float-conversion'
===== BUILD LOG =====
Change Dir: /home/jh/code/complex_predict/dataset/Yeast/complex/opencv-4.x/build/CMakeFiles/CMakeTmp

Run Build Command(s):/usr/bin/gmake -f Makefile cmTC_692e3/fast && /usr/bin/gmake  -f CMakeFiles/cmTC_692e3.dir/build.make CMakeFiles/cmTC_692e3.dir/build
gmake[1]: 进入目录“/home/jh/code/complex_predict/dataset/Yeast/complex/opencv-4.x/build/CMakeFiles/CMakeTmp”
Building CXX object CMakeFiles/cmTC_692e3.dir/src.cxx.o
/usr/bin/c++   -fsigned-char -W -Wall -Wreturn-type -Wnon-virtual-dtor -Waddress -Wsequence-point -Wformat -Wformat-security -Winit-self -Wpointer-arith -Wsign-promo -Wno-delete-non-virtual-dtor -Wno-comment -Wno-strict-overflow -fdiagnostics-show-option -Wno-long-long -pthread -fomit-frame-pointer -ffunction-sections -fdata-sections  -msse -msse2 -msse3 -fvisibility=hidden -fvisibility-inlines-hidden -Wno-shadow -Wno-unused -Wno-sign-compare -Wno-undef -Wno-missing-declarations -Wno-uninitialized -Wno-switch -Wno-parentheses -Wno-array-bounds -Wno-extra -Wno-deprecated-declarations -Wno-misleading-indentation -Wno-deprecated -Wno-suggest-override -Wno-implicit-fallthrough -Wno-tautological-compare -Wno-reorder -Wno-unused-result  -O3 -DNDEBUG  -DNDEBUG -fPIE    -Wno-implicit-const-int-float-conversion -std=c++11 -o CMakeFiles/cmTC_692e3.dir/src.cxx.o -c /home/jh/code/complex_predict/dataset/Yeast/complex/opencv-4.x/build/CMakeFiles/CMakeTmp/src.cxx
/home/jh/code/complex_predict/dataset/Yeast/complex/opencv-4.x/build/CMakeFiles/CMakeTmp/src.cxx:1: warning: ignoring ‘#pragma  ’ [-Wunknown-pragmas]
    1 | #pragma
      | 
cc1plus: note: unrecognized command-line option ‘-Wno-implicit-const-int-float-conversion’ may have been intended to silence earlier diagnostics
Linking CXX executable cmTC_692e3
/usr/bin/cmake -E cmake_link_script CMakeFiles/cmTC_692e3.dir/link.txt --verbose=1
/usr/bin/c++    -fsigned-char -W -Wall -Wreturn-type -Wnon-virtual-dtor -Waddress -Wsequence-point -Wformat -Wformat-security -Winit-self -Wpointer-arith -Wsign-promo -Wno-delete-non-virtual-dtor -Wno-comment -Wno-strict-overflow -fdiagnostics-show-option -Wno-long-long -pthread -fomit-frame-pointer -ffunction-sections -fdata-sections  -msse -msse2 -msse3 -fvisibility=hidden -fvisibility-inlines-hidden -Wno-shadow -Wno-unused -Wno-sign-compare -Wno-undef -Wno-missing-declarations -Wno-uninitialized -Wno-switch -Wno-parentheses -Wno-array-bounds -Wno-extra -Wno-deprecated-declarations -Wno-misleading-indentation -Wno-deprecated -Wno-suggest-override -Wno-implicit-fallthrough -Wno-tautological-compare -Wno-reorder -Wno-unused-result  -O3 -DNDEBUG  -DNDEBUG   -Wl,--gc-sections -Wl,--as-needed -Wl,--no-undefined  CMakeFiles/cmTC_692e3.dir/src.cxx.o -o cmTC_692e3 
gmake[1]: 离开目录“/home/jh/code/complex_predict/dataset/Yeast/complex/opencv-4.x/build/CMakeFiles/CMakeTmp”


===== END =====

Determining if the function sgemm_ exists failed with the following output:
Change Dir: /home/jh/code/complex_predict/dataset/Yeast/complex/opencv-4.x/build/CMakeFiles/CMakeTmp

Run Build Command(s):/usr/bin/gmake -f Makefile cmTC_12247/fast && /usr/bin/gmake  -f CMakeFiles/cmTC_12247.dir/build.make CMakeFiles/cmTC_12247.dir/build
gmake[1]: 进入目录“/home/jh/code/complex_predict/dataset/Yeast/complex/opencv-4.x/build/CMakeFiles/CMakeTmp”
Building C object CMakeFiles/cmTC_12247.dir/CheckFunctionExists.c.o
/usr/bin/cc   -fsigned-char -W -Wall -Wreturn-type -Waddress -Wsequence-point -Wformat -Wformat-security -Wmissing-declarations -Wmissing-prototypes -Wstrict-prototypes -Wundef -Winit-self -Wpointer-arith -Wshadow -Wuninitialized -Wno-comment -Wimplicit-fallthrough=3 -Wno-strict-overflow -fdiagnostics-show-option -Wno-long-long -pthread -fomit-frame-pointer -ffunction-sections -fdata-sections  -msse -msse2 -msse3 -fvisibility=hidden -DCHECK_FUNCTION_EXISTS=sgemm_ -O3 -DNDEBUG  -DNDEBUG -fPIE -o CMakeFiles/cmTC_12247.dir/CheckFunctionExists.c.o -c /usr/share/cmake-3.22/Modules/CheckFunctionExists.c
Linking C executable cmTC_12247
/usr/bin/cmake -E cmake_link_script CMakeFiles/cmTC_12247.dir/link.txt --verbose=1
/usr/bin/cc    -fsigned-char -W -Wall -Wreturn-type -Waddress -Wsequence-point -Wformat -Wformat-security -Wmissing-declarations -Wmissing-prototypes -Wstrict-prototypes -Wundef -Winit-self -Wpointer-arith -Wshadow -Wuninitialized -Wno-comment -Wimplicit-fallthrough=3 -Wno-strict-overflow -fdiagnostics-show-option -Wno-long-long -pthread -fomit-frame-pointer -ffunction-sections -fdata-sections  -msse -msse2 -msse3 -fvisibility=hidden -DCHECK_FUNCTION_EXISTS=sgemm_ -O3 -DNDEBUG  -DNDEBUG   -Wl,--gc-sections -Wl,--as-needed -Wl,--no-undefined  CMakeFiles/cmTC_12247.dir/CheckFunctionExists.c.o -o cmTC_12247 
/usr/bin/ld: CMakeFiles/cmTC_12247.dir/CheckFunctionExists.c.o: in function `main':
CheckFunctionExists.c:(.text.startup.main+0x10): undefined reference to `sgemm_'
collect2: error: ld returned 1 exit status
gmake[1]: *** [CMakeFiles/cmTC_12247.dir/build.make:99：cmTC_12247] 错误 1
gmake[1]: 离开目录“/home/jh/code/complex_predict/dataset/Yeast/complex/opencv-4.x/build/CMakeFiles/CMakeTmp”
gmake: *** [Makefile:127：cmTC_12247/fast] 错误 2



Determining if the function cheev_ exists failed with the following output:
Change Dir: /home/jh/code/complex_predict/dataset/Yeast/complex/opencv-4.x/build/CMakeFiles/CMakeTmp

Run Build Command(s):/usr/bin/gmake -f Makefile cmTC_f77d2/fast && /usr/bin/gmake  -f CMakeFiles/cmTC_f77d2.dir/build.make CMakeFiles/cmTC_f77d2.dir/build
gmake[1]: 进入目录“/home/jh/code/complex_predict/dataset/Yeast/complex/opencv-4.x/build/CMakeFiles/CMakeTmp”
Building C object CMakeFiles/cmTC_f77d2.dir/CheckFunctionExists.c.o
/usr/bin/cc   -fsigned-char -W -Wall -Wreturn-type -Waddress -Wsequence-point -Wformat -Wformat-security -Wmissing-declarations -Wmissing-prototypes -Wstrict-prototypes -Wundef -Winit-self -Wpointer-arith -Wshadow -Wuninitialized -Wno-comment -Wimplicit-fallthrough=3 -Wno-strict-overflow -fdiagnostics-show-option -Wno-long-long -pthread -fomit-frame-pointer -ffunction-sections -fdata-sections  -msse -msse2 -msse3 -fvisibility=hidden -DCHECK_FUNCTION_EXISTS=cheev_ -O3 -DNDEBUG  -DNDEBUG -fPIE -o CMakeFiles/cmTC_f77d2.dir/CheckFunctionExists.c.o -c /usr/share/cmake-3.22/Modules/CheckFunctionExists.c
Linking C executable cmTC_f77d2
/usr/bin/cmake -E cmake_link_script CMakeFiles/cmTC_f77d2.dir/link.txt --verbose=1
/usr/bin/cc    -fsigned-char -W -Wall -Wreturn-type -Waddress -Wsequence-point -Wformat -Wformat-security -Wmissing-declarations -Wmissing-prototypes -Wstrict-prototypes -Wundef -Winit-self -Wpointer-arith -Wshadow -Wuninitialized -Wno-comment -Wimplicit-fallthrough=3 -Wno-strict-overflow -fdiagnostics-show-option -Wno-long-long -pthread -fomit-frame-pointer -ffunction-sections -fdata-sections  -msse -msse2 -msse3 -fvisibility=hidden -DCHECK_FUNCTION_EXISTS=cheev_ -O3 -DNDEBUG  -DNDEBUG   -Wl,--gc-sections -Wl,--as-needed -Wl,--no-undefined  CMakeFiles/cmTC_f77d2.dir/CheckFunctionExists.c.o -o cmTC_f77d2  /usr/lib/x86_64-linux-gnu/libblas.so -lm -ldl 
/usr/bin/ld: CMakeFiles/cmTC_f77d2.dir/CheckFunctionExists.c.o: in function `main':
CheckFunctionExists.c:(.text.startup.main+0x10): undefined reference to `cheev_'
collect2: error: ld returned 1 exit status
gmake[1]: *** [CMakeFiles/cmTC_f77d2.dir/build.make:100：cmTC_f77d2] 错误 1
gmake[1]: 离开目录“/home/jh/code/complex_predict/dataset/Yeast/complex/opencv-4.x/build/CMakeFiles/CMakeTmp”
gmake: *** [Makefile:127：cmTC_f77d2/fast] 错误 2



Determining if the function cheev_ exists failed with the following output:
Change Dir: /home/jh/code/complex_predict/dataset/Yeast/complex/opencv-4.x/build/CMakeFiles/CMakeTmp

Run Build Command(s):/usr/bin/gmake -f Makefile cmTC_3ff37/fast && /usr/bin/gmake  -f CMakeFiles/cmTC_3ff37.dir/build.make CMakeFiles/cmTC_3ff37.dir/build
gmake[1]: 进入目录“/home/jh/code/complex_predict/dataset/Yeast/complex/opencv-4.x/build/CMakeFiles/CMakeTmp”
Building C object CMakeFiles/cmTC_3ff37.dir/CheckFunctionExists.c.o
/usr/bin/cc   -fsigned-char -W -Wall -Wreturn-type -Waddress -Wsequence-point -Wformat -Wformat-security -Wmissing-declarations -Wmissing-prototypes -Wstrict-prototypes -Wundef -Winit-self -Wpointer-arith -Wshadow -Wuninitialized -Wno-comment -Wimplicit-fallthrough=3 -Wno-strict-overflow -fdiagnostics-show-option -Wno-long-long -pthread -fomit-frame-pointer -ffunction-sections -fdata-sections  -msse -msse2 -msse3 -fvisibility=hidden -DCHECK_FUNCTION_EXISTS=cheev_ -O3 -DNDEBUG  -DNDEBUG -fPIE -o CMakeFiles/cmTC_3ff37.dir/CheckFunctionExists.c.o -c /usr/share/cmake-3.22/Modules/CheckFunctionExists.c
Linking C executable cmTC_3ff37
/usr/bin/cmake -E cmake_link_script CMakeFiles/cmTC_3ff37.dir/link.txt --verbose=1
/usr/bin/cc    -fsigned-char -W -Wall -Wreturn-type -Waddress -Wsequence-point -Wformat -Wformat-security -Wmissing-declarations -Wmissing-prototypes -Wstrict-prototypes -Wundef -Winit-self -Wpointer-arith -Wshadow -Wuninitialized -Wno-comment -Wimplicit-fallthrough=3 -Wno-strict-overflow -fdiagnostics-show-option -Wno-long-long -pthread -fomit-frame-pointer -ffunction-sections -fdata-sections  -msse -msse2 -msse3 -fvisibility=hidden -DCHECK_FUNCTION_EXISTS=cheev_ -O3 -DNDEBUG  -DNDEBUG   -Wl,--gc-sections -Wl,--as-needed -Wl,--no-undefined  CMakeFiles/cmTC_3ff37.dir/CheckFunctionExists.c.o -o cmTC_3ff37  /usr/lib/x86_64-linux-gnu/liblapack.so /usr/lib/x86_64-linux-gnu/libblas.so -fortranlibs 
cc: error: unrecognized command-line option ‘-fortranlibs’
gmake[1]: *** [CMakeFiles/cmTC_3ff37.dir/build.make:101：cmTC_3ff37] 错误 1
gmake[1]: 离开目录“/home/jh/code/complex_predict/dataset/Yeast/complex/opencv-4.x/build/CMakeFiles/CMakeTmp”
gmake: *** [Makefile:127：cmTC_3ff37/fast] 错误 2



Build output check failed:
    Regex: 'unrecognized .*option'
    Output line: 'cc1plus: note: unrecognized command-line option ‘-Wno-tautological-undefined-compare’ may have been intended to silence earlier diagnostics'
Compilation failed:
    source file: '/home/jh/code/complex_predict/dataset/Yeast/complex/opencv-4.x/build/CMakeFiles/CMakeTmp/src.cxx'
    check option: ' -Wno-tautological-undefined-compare'
===== BUILD LOG =====
Change Dir: /home/jh/code/complex_predict/dataset/Yeast/complex/opencv-4.x/build/CMakeFiles/CMakeTmp

Run Build Command(s):/usr/bin/gmake -f Makefile cmTC_aadf6/fast && /usr/bin/gmake  -f CMakeFiles/cmTC_aadf6.dir/build.make CMakeFiles/cmTC_aadf6.dir/build
gmake[1]: 进入目录“/home/jh/code/complex_predict/dataset/Yeast/complex/opencv-4.x/build/CMakeFiles/CMakeTmp”
Building CXX object CMakeFiles/cmTC_aadf6.dir/src.cxx.o
/usr/bin/c++   -fsigned-char -W -Wall -Wreturn-type -Wnon-virtual-dtor -Waddress -Wsequence-point -Wformat -Wformat-security -Winit-self -Wpointer-arith -Wuninitialized -Wsuggest-override -Wno-delete-non-virtual-dtor -Wno-comment -Wimplicit-fallthrough=3 -Wno-strict-overflow -fdiagnostics-show-option -Wno-long-long -pthread -fomit-frame-pointer -ffunction-sections -fdata-sections  -msse -msse2 -msse3 -fvisibility=hidden -fvisibility-inlines-hidden -Wno-deprecated -Wno-missing-declarations -Wno-shadow -Wno-unused-parameter -Wno-unused-local-typedefs -Wno-sign-compare -Wno-sign-promo -Wno-undef  -O3 -DNDEBUG  -DNDEBUG -fPIE    -Wno-tautological-undefined-compare -std=c++11 -o CMakeFiles/cmTC_aadf6.dir/src.cxx.o -c /home/jh/code/complex_predict/dataset/Yeast/complex/opencv-4.x/build/CMakeFiles/CMakeTmp/src.cxx
/home/jh/code/complex_predict/dataset/Yeast/complex/opencv-4.x/build/CMakeFiles/CMakeTmp/src.cxx:1: warning: ignoring ‘#pragma  ’ [-Wunknown-pragmas]
    1 | #pragma
      | 
cc1plus: note: unrecognized command-line option ‘-Wno-tautological-undefined-compare’ may have been intended to silence earlier diagnostics
Linking CXX executable cmTC_aadf6
/usr/bin/cmake -E cmake_link_script CMakeFiles/cmTC_aadf6.dir/link.txt --verbose=1
/usr/bin/c++    -fsigned-char -W -Wall -Wreturn-type -Wnon-virtual-dtor -Waddress -Wsequence-point -Wformat -Wformat-security -Winit-self -Wpointer-arith -Wuninitialized -Wsuggest-override -Wno-delete-non-virtual-dtor -Wno-comment -Wimplicit-fallthrough=3 -Wno-strict-overflow -fdiagnostics-show-option -Wno-long-long -pthread -fomit-frame-pointer -ffunction-sections -fdata-sections  -msse -msse2 -msse3 -fvisibility=hidden -fvisibility-inlines-hidden -Wno-deprecated -Wno-missing-declarations -Wno-shadow -Wno-unused-parameter -Wno-unused-local-typedefs -Wno-sign-compare -Wno-sign-promo -Wno-undef  -O3 -DNDEBUG  -DNDEBUG   -Wl,--gc-sections -Wl,--as-needed -Wl,--no-undefined  CMakeFiles/cmTC_aadf6.dir/src.cxx.o -o cmTC_aadf6 
gmake[1]: 离开目录“/home/jh/code/complex_predict/dataset/Yeast/complex/opencv-4.x/build/CMakeFiles/CMakeTmp”


===== END =====

Build output check failed:
    Regex: 'unrecognized .*option'
    Output line: 'cc1plus: note: unrecognized command-line option ‘-Wno-shorten-64-to-32’ may have been intended to silence earlier diagnostics'
Compilation failed:
    source file: '/home/jh/code/complex_predict/dataset/Yeast/complex/opencv-4.x/build/CMakeFiles/CMakeTmp/src.cxx'
    check option: ' -Wno-shorten-64-to-32'
===== BUILD LOG =====
Change Dir: /home/jh/code/complex_predict/dataset/Yeast/complex/opencv-4.x/build/CMakeFiles/CMakeTmp

Run Build Command(s):/usr/bin/gmake -f Makefile cmTC_88f6f/fast && /usr/bin/gmake  -f CMakeFiles/cmTC_88f6f.dir/build.make CMakeFiles/cmTC_88f6f.dir/build
gmake[1]: 进入目录“/home/jh/code/complex_predict/dataset/Yeast/complex/opencv-4.x/build/CMakeFiles/CMakeTmp”
Building CXX object CMakeFiles/cmTC_88f6f.dir/src.cxx.o
/usr/bin/c++   -fsigned-char -W -Wall -Wreturn-type -Wnon-virtual-dtor -Waddress -Wsequence-point -Wformat -Wformat-security -Winit-self -Wpointer-arith -Wuninitialized -Wsuggest-override -Wno-delete-non-virtual-dtor -Wno-comment -Wimplicit-fallthrough=3 -Wno-strict-overflow -fdiagnostics-show-option -Wno-long-long -pthread -fomit-frame-pointer -ffunction-sections -fdata-sections  -msse -msse2 -msse3 -fvisibility=hidden -fvisibility-inlines-hidden -Wno-deprecated -Wno-missing-declarations -Wno-shadow -Wno-unused-parameter -Wno-unused-local-typedefs -Wno-sign-compare -Wno-sign-promo -Wno-undef -Wno-ignored-qualifiers -Wno-extra -Wno-unused-function -Wno-unused-const-variable  -O3 -DNDEBUG  -DNDEBUG -fPIE    -Wno-shorten-64-to-32 -std=c++11 -o CMakeFiles/cmTC_88f6f.dir/src.cxx.o -c /home/jh/code/complex_predict/dataset/Yeast/complex/opencv-4.x/build/CMakeFiles/CMakeTmp/src.cxx
/home/jh/code/complex_predict/dataset/Yeast/complex/opencv-4.x/build/CMakeFiles/CMakeTmp/src.cxx:1: warning: ignoring ‘#pragma  ’ [-Wunknown-pragmas]
    1 | #pragma
      | 
cc1plus: note: unrecognized command-line option ‘-Wno-shorten-64-to-32’ may have been intended to silence earlier diagnostics
Linking CXX executable cmTC_88f6f
/usr/bin/cmake -E cmake_link_script CMakeFiles/cmTC_88f6f.dir/link.txt --verbose=1
/usr/bin/c++    -fsigned-char -W -Wall -Wreturn-type -Wnon-virtual-dtor -Waddress -Wsequence-point -Wformat -Wformat-security -Winit-self -Wpointer-arith -Wuninitialized -Wsuggest-override -Wno-delete-non-virtual-dtor -Wno-comment -Wimplicit-fallthrough=3 -Wno-strict-overflow -fdiagnostics-show-option -Wno-long-long -pthread -fomit-frame-pointer -ffunction-sections -fdata-sections  -msse -msse2 -msse3 -fvisibility=hidden -fvisibility-inlines-hidden -Wno-deprecated -Wno-missing-declarations -Wno-shadow -Wno-unused-parameter -Wno-unused-local-typedefs -Wno-sign-compare -Wno-sign-promo -Wno-undef -Wno-ignored-qualifiers -Wno-extra -Wno-unused-function -Wno-unused-const-variable  -O3 -DNDEBUG  -DNDEBUG   -Wl,--gc-sections -Wl,--as-needed -Wl,--no-undefined  CMakeFiles/cmTC_88f6f.dir/src.cxx.o -o cmTC_88f6f 
gmake[1]: 离开目录“/home/jh/code/complex_predict/dataset/Yeast/complex/opencv-4.x/build/CMakeFiles/CMakeTmp”


===== END =====

Build output check failed:
    Regex: 'unrecognized .*option'
    Output line: 'cc1plus: note: unrecognized command-line option ‘-Wno-enum-compare-switch’ may have been intended to silence earlier diagnostics'
Compilation failed:
    source file: '/home/jh/code/complex_predict/dataset/Yeast/complex/opencv-4.x/build/CMakeFiles/CMakeTmp/src.cxx'
    check option: ' -Wno-enum-compare-switch'
===== BUILD LOG =====
Change Dir: /home/jh/code/complex_predict/dataset/Yeast/complex/opencv-4.x/build/CMakeFiles/CMakeTmp

Run Build Command(s):/usr/bin/gmake -f Makefile cmTC_c26cb/fast && /usr/bin/gmake  -f CMakeFiles/cmTC_c26cb.dir/build.make CMakeFiles/cmTC_c26cb.dir/build
gmake[1]: 进入目录“/home/jh/code/complex_predict/dataset/Yeast/complex/opencv-4.x/build/CMakeFiles/CMakeTmp”
Building CXX object CMakeFiles/cmTC_c26cb.dir/src.cxx.o
/usr/bin/c++   -fsigned-char -W -Wall -Wreturn-type -Wnon-virtual-dtor -Waddress -Wsequence-point -Wformat -Wformat-security -Winit-self -Wpointer-arith -Wuninitialized -Wsuggest-override -Wno-delete-non-virtual-dtor -Wno-comment -Wimplicit-fallthrough=3 -Wno-strict-overflow -fdiagnostics-show-option -Wno-long-long -pthread -fomit-frame-pointer -ffunction-sections -fdata-sections  -msse -msse2 -msse3 -fvisibility=hidden -fvisibility-inlines-hidden -Wno-deprecated -Wno-missing-declarations -Wno-shadow -Wno-unused-parameter -Wno-unused-local-typedefs -Wno-sign-compare -Wno-sign-promo -Wno-undef -Wno-ignored-qualifiers -Wno-extra -Wno-unused-function -Wno-unused-const-variable -Wno-invalid-offsetof  -O3 -DNDEBUG  -DNDEBUG -fPIE    -Wno-enum-compare-switch -std=c++11 -o CMakeFiles/cmTC_c26cb.dir/src.cxx.o -c /home/jh/code/complex_predict/dataset/Yeast/complex/opencv-4.x/build/CMakeFiles/CMakeTmp/src.cxx
/home/jh/code/complex_predict/dataset/Yeast/complex/opencv-4.x/build/CMakeFiles/CMakeTmp/src.cxx:1: warning: ignoring ‘#pragma  ’ [-Wunknown-pragmas]
    1 | #pragma
      | 
cc1plus: note: unrecognized command-line option ‘-Wno-enum-compare-switch’ may have been intended to silence earlier diagnostics
Linking CXX executable cmTC_c26cb
/usr/bin/cmake -E cmake_link_script CMakeFiles/cmTC_c26cb.dir/link.txt --verbose=1
/usr/bin/c++    -fsigned-char -W -Wall -Wreturn-type -Wnon-virtual-dtor -Waddress -Wsequence-point -Wformat -Wformat-security -Winit-self -Wpointer-arith -Wuninitialized -Wsuggest-override -Wno-delete-non-virtual-dtor -Wno-comment -Wimplicit-fallthrough=3 -Wno-strict-overflow -fdiagnostics-show-option -Wno-long-long -pthread -fomit-frame-pointer -ffunction-sections -fdata-sections  -msse -msse2 -msse3 -fvisibility=hidden -fvisibility-inlines-hidden -Wno-deprecated -Wno-missing-declarations -Wno-shadow -Wno-unused-parameter -Wno-unused-local-typedefs -Wno-sign-compare -Wno-sign-promo -Wno-undef -Wno-ignored-qualifiers -Wno-extra -Wno-unused-function -Wno-unused-const-variable -Wno-invalid-offsetof  -O3 -DNDEBUG  -DNDEBUG   -Wl,--gc-sections -Wl,--as-needed -Wl,--no-undefined  CMakeFiles/cmTC_c26cb.dir/src.cxx.o -o cmTC_c26cb 
gmake[1]: 离开目录“/home/jh/code/complex_predict/dataset/Yeast/complex/opencv-4.x/build/CMakeFiles/CMakeTmp”


===== END =====

Build output check failed:
    Regex: 'unrecognized .*option'
    Output line: 'cc1plus: note: unrecognized command-line option ‘-Wno-comma’ may have been intended to silence earlier diagnostics'
Compilation failed:
    source file: '/home/jh/code/complex_predict/dataset/Yeast/complex/opencv-4.x/build/CMakeFiles/CMakeTmp/src.cxx'
    check option: ' -Wno-comma'
===== BUILD LOG =====
Change Dir: /home/jh/code/complex_predict/dataset/Yeast/complex/opencv-4.x/build/CMakeFiles/CMakeTmp

Run Build Command(s):/usr/bin/gmake -f Makefile cmTC_15e87/fast && /usr/bin/gmake  -f CMakeFiles/cmTC_15e87.dir/build.make CMakeFiles/cmTC_15e87.dir/build
gmake[1]: 进入目录“/home/jh/code/complex_predict/dataset/Yeast/complex/opencv-4.x/build/CMakeFiles/CMakeTmp”
Building CXX object CMakeFiles/cmTC_15e87.dir/src.cxx.o
/usr/bin/c++   -fsigned-char -W -Wall -Wreturn-type -Wnon-virtual-dtor -Waddress -Wsequence-point -Wformat -Wformat-security -Winit-self -Wpointer-arith -Wuninitialized -Wno-delete-non-virtual-dtor -Wno-comment -Wno-strict-overflow -fdiagnostics-show-option -Wno-long-long -pthread -fomit-frame-pointer -ffunction-sections -fdata-sections  -msse -msse2 -msse3 -fvisibility=hidden -fvisibility-inlines-hidden -Wno-deprecated -Wno-missing-declarations -Wno-shadow -Wno-unused-parameter -Wno-unused-local-typedefs -Wno-sign-compare -Wno-sign-promo -Wno-undef -Wno-ignored-qualifiers -Wno-extra -Wno-unused-function -Wno-unused-const-variable -Wno-invalid-offsetof -Wno-suggest-override -Wno-implicit-fallthrough -Wno-array-bounds -Wno-stringop-overflow -Wno-stringop-overread -Wno-extra-semi  -O3 -DNDEBUG  -DNDEBUG -fPIE    -Wno-comma -std=c++11 -o CMakeFiles/cmTC_15e87.dir/src.cxx.o -c /home/jh/code/complex_predict/dataset/Yeast/complex/opencv-4.x/build/CMakeFiles/CMakeTmp/src.cxx
/home/jh/code/complex_predict/dataset/Yeast/complex/opencv-4.x/build/CMakeFiles/CMakeTmp/src.cxx:1: warning: ignoring ‘#pragma  ’ [-Wunknown-pragmas]
    1 | #pragma
      | 
cc1plus: note: unrecognized command-line option ‘-Wno-comma’ may have been intended to silence earlier diagnostics
Linking CXX executable cmTC_15e87
/usr/bin/cmake -E cmake_link_script CMakeFiles/cmTC_15e87.dir/link.txt --verbose=1
/usr/bin/c++    -fsigned-char -W -Wall -Wreturn-type -Wnon-virtual-dtor -Waddress -Wsequence-point -Wformat -Wformat-security -Winit-self -Wpointer-arith -Wuninitialized -Wno-delete-non-virtual-dtor -Wno-comment -Wno-strict-overflow -fdiagnostics-show-option -Wno-long-long -pthread -fomit-frame-pointer -ffunction-sections -fdata-sections  -msse -msse2 -msse3 -fvisibility=hidden -fvisibility-inlines-hidden -Wno-deprecated -Wno-missing-declarations -Wno-shadow -Wno-unused-parameter -Wno-unused-local-typedefs -Wno-sign-compare -Wno-sign-promo -Wno-undef -Wno-ignored-qualifiers -Wno-extra -Wno-unused-function -Wno-unused-const-variable -Wno-invalid-offsetof -Wno-suggest-override -Wno-implicit-fallthrough -Wno-array-bounds -Wno-stringop-overflow -Wno-stringop-overread -Wno-extra-semi  -O3 -DNDEBUG  -DNDEBUG   -Wl,--gc-sections -Wl,--as-needed -Wl,--no-undefined  CMakeFiles/cmTC_15e87.dir/src.cxx.o -o cmTC_15e87 
gmake[1]: 离开目录“/home/jh/code/complex_predict/dataset/Yeast/complex/opencv-4.x/build/CMakeFiles/CMakeTmp”


===== END =====

Determining if the include file sys/videoio.h exists failed with the following output:
Change Dir: /home/jh/code/complex_predict/dataset/Yeast/complex/opencv-4.x/build/CMakeFiles/CMakeTmp

Run Build Command(s):/usr/bin/gmake -f Makefile cmTC_82655/fast && /usr/bin/gmake  -f CMakeFiles/cmTC_82655.dir/build.make CMakeFiles/cmTC_82655.dir/build
gmake[1]: 进入目录“/home/jh/code/complex_predict/dataset/Yeast/complex/opencv-4.x/build/CMakeFiles/CMakeTmp”
Building C object CMakeFiles/cmTC_82655.dir/CheckIncludeFile.c.o
/usr/bin/cc   -fsigned-char -W -Wall -Wreturn-type -Waddress -Wsequence-point -Wformat -Wformat-security -Wmissing-declarations -Wmissing-prototypes -Wstrict-prototypes -Wundef -Winit-self -Wpointer-arith -Wshadow -Wuninitialized -Wno-comment -Wimplicit-fallthrough=3 -Wno-strict-overflow -fdiagnostics-show-option -Wno-long-long -pthread -fomit-frame-pointer -ffunction-sections -fdata-sections  -msse -msse2 -msse3 -fvisibility=hidden  -O3 -DNDEBUG  -DNDEBUG -fPIE -o CMakeFiles/cmTC_82655.dir/CheckIncludeFile.c.o -c /home/jh/code/complex_predict/dataset/Yeast/complex/opencv-4.x/build/CMakeFiles/CMakeTmp/CheckIncludeFile.c
/home/jh/code/complex_predict/dataset/Yeast/complex/opencv-4.x/build/CMakeFiles/CMakeTmp/CheckIncludeFile.c:1:10: fatal error: sys/videoio.h: 没有那个文件或目录
    1 | #include <sys/videoio.h>
      |          ^~~~~~~~~~~~~~~
compilation terminated.
gmake[1]: *** [CMakeFiles/cmTC_82655.dir/build.make:78：CMakeFiles/cmTC_82655.dir/CheckIncludeFile.c.o] 错误 1
gmake[1]: 离开目录“/home/jh/code/complex_predict/dataset/Yeast/complex/opencv-4.x/build/CMakeFiles/CMakeTmp”
gmake: *** [Makefile:127：cmTC_82655/fast] 错误 2



